usage: clean_embeddings_MI.py [-h] --model {h_optimus_1,virchow2}
                              [--max_samples MAX_SAMPLES]
                              [--sample_seed SAMPLE_SEED]
                              [--n_clases N_CLASES]
                              [--pca_components PCA_COMPONENTS]
                              [--k_neighbors K_NEIGHBORS] [--alpha ALPHA]
                              [--count_threshold COUNT_THRESHOLD]
                              [--distance_metric {euclidean,cosine}]
                              [--save_neighbors]
clean_embeddings_MI.py: error: the following arguments are required: --model
usage: clean_embeddings_MI.py [-h] --model {h_optimus_1,virchow2}
                              [--max_samples MAX_SAMPLES]
                              [--sample_seed SAMPLE_SEED]
                              [--n_clases N_CLASES]
                              [--pca_components PCA_COMPONENTS]
                              [--k_neighbors K_NEIGHBORS] [--alpha ALPHA]
                              [--count_threshold COUNT_THRESHOLD]
                              [--distance_metric {euclidean,cosine}]
                              [--save_neighbors]
clean_embeddings_MI.py: error: the following arguments are required: --model
